<testsuites>
	<testsuite id="1" tests="3" failures="1" package="/Users/tpusjaga/Documents/workspace/Gauge_Demo/specs/2_TableParameter.spec" time="1.977" timestamp="2016-03-05T23:29:45" name="Table Parameter" errors="0" hostname="BR-LM10004">
		<properties></properties>
		<testcase classname="Table Parameter" name="Scenario to navigate to a page" time="1.865"></testcase>
		<testcase classname="Table Parameter" name="Scenario to take table parameter" time="0.090"></testcase>
		<testcase classname="Table Parameter" name=" Scenario to see failure" time="0.022">
			<failure message="Step Execution Failure: &#39;org.openqa.selenium.NoSuchElementException: no such element: Unable to locate element: {&#34;method&#34;:&#34;xpath&#34;,&#34;selector&#34;:&#34;//div[@class=&#39;footer-column&#39;]//a[contains(text(),&#39;fail&#39;)]&#34;}&#xA;  (Session info: chrome=48.0.2564.116)&#xA;  (Driver info: chromedriver=2.21.371459 (36d3d07f660ff2bc1bf28a75d1cdabed0983e7c4),platform=Mac OS X 10.10.3 x86_64) (WARNING: The server did not provide any stacktrace information)&#xA;Command duration or timeout: 21 milliseconds&#xA;For documentation on this error, please visit: http://seleniumhq.org/exceptions/no_such_element.html&#xA;Build info: version: &#39;2.52.0&#39;, revision: &#39;4c2593c&#39;, time: &#39;2016-02-11 19:03:33&#39;&#xA;System info: host: &#39;BR-LM10004&#39;, ip: &#39;192.168.0.5&#39;, os.name: &#39;Mac OS X&#39;, os.arch: &#39;x86_64&#39;, os.version: &#39;10.10.3&#39;, java.version: &#39;1.8.0_72&#39;&#xA;Driver info: org.openqa.selenium.chrome.ChromeDriver&#xA;Capabilities [{applicationCacheEnabled=false, rotatable=false, mobileEmulationEnabled=false, chrome={chromedriverVersion=2.21.371459 (36d3d07f660ff2bc1bf28a75d1cdabed0983e7c4), userDataDir=/var/folders/4n/k2t7klys2_x600bjs11f3rtckp8b8y/T/.org.chromium.Chromium.QN5M2O}, takesHeapSnapshot=true, databaseEnabled=false, handlesAlerts=true, hasTouchScreen=false, version=48.0.2564.116, platform=MAC, browserConnectionEnabled=false, nativeEvents=true, acceptSslCerts=true, locationContextEnabled=true, webStorageEnabled=true, browserName=chrome, takesScreenshot=true, javascriptEnabled=true, cssSelectorsEnabled=true}]&#xA;Session ID: 243f54f1378a96bd7a47c195cec6f879&#xA;*** Element info: {Using=xpath, value=//div[@class=&#39;footer-column&#39;]//a[contains(text(),&#39;fail&#39;)]}&#39;" type="Step Execution Failure: &#39;org.openqa.selenium.NoSuchElementException: no such element: Unable to locate element: {&#34;method&#34;:&#34;xpath&#34;,&#34;selector&#34;:&#34;//div[@class=&#39;footer-column&#39;]//a[contains(text(),&#39;fail&#39;)]&#34;}&#xA;  (Session info: chrome=48.0.2564.116)&#xA;  (Driver info: chromedriver=2.21.371459 (36d3d07f660ff2bc1bf28a75d1cdabed0983e7c4),platform=Mac OS X 10.10.3 x86_64) (WARNING: The server did not provide any stacktrace information)&#xA;Command duration or timeout: 21 milliseconds&#xA;For documentation on this error, please visit: http://seleniumhq.org/exceptions/no_such_element.html&#xA;Build info: version: &#39;2.52.0&#39;, revision: &#39;4c2593c&#39;, time: &#39;2016-02-11 19:03:33&#39;&#xA;System info: host: &#39;BR-LM10004&#39;, ip: &#39;192.168.0.5&#39;, os.name: &#39;Mac OS X&#39;, os.arch: &#39;x86_64&#39;, os.version: &#39;10.10.3&#39;, java.version: &#39;1.8.0_72&#39;&#xA;Driver info: org.openqa.selenium.chrome.ChromeDriver&#xA;Capabilities [{applicationCacheEnabled=false, rotatable=false, mobileEmulationEnabled=false, chrome={chromedriverVersion=2.21.371459 (36d3d07f660ff2bc1bf28a75d1cdabed0983e7c4), userDataDir=/var/folders/4n/k2t7klys2_x600bjs11f3rtckp8b8y/T/.org.chromium.Chromium.QN5M2O}, takesHeapSnapshot=true, databaseEnabled=false, handlesAlerts=true, hasTouchScreen=false, version=48.0.2564.116, platform=MAC, browserConnectionEnabled=false, nativeEvents=true, acceptSslCerts=true, locationContextEnabled=true, webStorageEnabled=true, browserName=chrome, takesScreenshot=true, javascriptEnabled=true, cssSelectorsEnabled=true}]&#xA;Session ID: 243f54f1378a96bd7a47c195cec6f879&#xA;*** Element info: {Using=xpath, value=//div[@class=&#39;footer-column&#39;]//a[contains(text(),&#39;fail&#39;)]}&#39;">sun.reflect.NativeConstructorAccessorImpl.newInstance0(Native Method)&#xA;sun.reflect.NativeConstructorAccessorImpl.newInstance(NativeConstructorAccessorImpl.java:62)&#xA;sun.reflect.DelegatingConstructorAccessorImpl.newInstance(DelegatingConstructorAccessorImpl.java:45)&#xA;java.lang.reflect.Constructor.newInstance(Constructor.java:423)&#xA;org.openqa.selenium.remote.ErrorHandler.createThrowable(ErrorHandler.java:206)&#xA;org.openqa.selenium.remote.ErrorHandler.throwIfResponseFailed(ErrorHandler.java:158)&#xA;org.openqa.selenium.remote.RemoteWebDriver.execute(RemoteWebDriver.java:678)&#xA;org.openqa.selenium.remote.RemoteWebDriver.findElement(RemoteWebDriver.java:363)&#xA;org.openqa.selenium.remote.RemoteWebDriver.findElementByXPath(RemoteWebDriver.java:500)&#xA;org.openqa.selenium.By$ByXPath.findElement(By.java:361)&#xA;org.openqa.selenium.remote.RemoteWebDriver.findElement(RemoteWebDriver.java:355)&#xA;Mainclass.verifyFooterLinks(Mainclass.java:40)&#xA;sun.reflect.NativeMethodAccessorImpl.invoke0(Native Method)&#xA;sun.reflect.NativeMethodAccessorImpl.invoke(NativeMethodAccessorImpl.java:62)&#xA;sun.reflect.DelegatingMethodAccessorImpl.invoke(DelegatingMethodAccessorImpl.java:43)&#xA;java.lang.reflect.Method.invoke(Method.java:498)&#xA;com.thoughtworks.gauge.execution.MethodExecutor.execute(MethodExecutor.java:31)&#xA;com.thoughtworks.gauge.execution.StepExecutionStage.executeStepMethod(StepExecutionStage.java:94)&#xA;com.thoughtworks.gauge.execution.StepExecutionStage.executeStep(StepExecutionStage.java:77)&#xA;com.thoughtworks.gauge.execution.StepExecutionStage.execute(StepExecutionStage.java:58)&#xA;com.thoughtworks.gauge.execution.AbstractExecutionStage.executeNext(AbstractExecutionStage.java:24)&#xA;com.thoughtworks.gauge.execution.HookExecutionStage.execute(HookExecutionStage.java:42)&#xA;com.thoughtworks.gauge.execution.ExecutionPipeline.start(ExecutionPipeline.java:31)&#xA;com.thoughtworks.gauge.processor.ExecuteStepProcessor.process(ExecuteStepProcessor.java:34)&#xA;com.thoughtworks.gauge.connection.MessageDispatcher.dispatchMessages(MessageDispatcher.java:72)&#xA;com.thoughtworks.gauge.GaugeRuntime.main(GaugeRuntime.java:37)&#xA;</failure>
		</testcase>
		<system-out></system-out>
		<system-err></system-err>
	</testsuite>
</testsuites>